<?xml version="1.0" encoding="UTF-8"?>
<!-- Generated by org.testng.reporters.JUnitReportReporter -->
<testsuite skipped="0" hostname="PG01CBAC" name="TC_21_Reading_Particular_Table_Col_Data" tests="1" failures="0" timestamp="14 Feb 2019 05:22:52 GMT" time="7.010" errors="0">
  <testcase name="readColData" time="7.010" classname="TC_21_Reading_Particular_Table_Col_Data"/>
</testsuite> <!-- TC_21_Reading_Particular_Table_Col_Data -->
