<?xml version="1.0" encoding="UTF-8"?>
<!-- Generated by org.testng.reporters.JUnitReportReporter -->
<testsuite skipped="0" hostname="PG01CBAC" name="NewPackage.TC_002_CommonElementsBetweenArrays" tests="1" failures="0" timestamp="14 Feb 2019 14:13:10 GMT" time="0.009" errors="0">
  <testcase name="findCommonElements" time="0.009" classname="NewPackage.TC_002_CommonElementsBetweenArrays"/>
</testsuite> <!-- NewPackage.TC_002_CommonElementsBetweenArrays -->
