<?xml version="1.0" encoding="UTF-8"?>
<!-- Generated by org.testng.reporters.JUnitReportReporter -->
<testsuite skipped="0" hostname="PG01CBAC" name="TC_08_Test_Authentication_Window" tests="1" failures="0" timestamp="30 Jan 2019 11:44:36 GMT" time="6.927" errors="0">
  <testcase name="testAuthentication" time="6.927" classname="TC_08_Test_Authentication_Window"/>
</testsuite> <!-- TC_08_Test_Authentication_Window -->
